<?xml version="1.0" encoding="UTF-8"?>
<!-- Generated by org.testng.reporters.JUnitReportReporter -->
<testsuite skipped="0" hostname="DESKTOP-2NAMQF0" name="com.restuarant.testcases.PeoplesPageTest" tests="7" failures="0" timestamp="2022-12-10T13:03:29 IST" time="21.446" errors="0">
  <testcase name="SelectPeople" time="4.921" classname="com.restuarant.testcases.PeoplesPageTest"/>
  <system-out/>
  <testcase name="SearchWaiternotPresent" time="0.313" classname="com.restuarant.testcases.PeoplesPageTest"/>
  <system-out/>
  <testcase name="SearchWaiterPresent" time="3.345" classname="com.restuarant.testcases.PeoplesPageTest"/>
  <system-out/>
  <testcase name="SelectCustomer" time="4.951" classname="com.restuarant.testcases.PeoplesPageTest"/>
  <system-out/>
  <testcase name="SearchCustomernotPresent" time="3.282" classname="com.restuarant.testcases.PeoplesPageTest"/>
  <system-out/>
  <testcase name="SearchCustomerPresent" time="0.232" classname="com.restuarant.testcases.PeoplesPageTest"/>
  <system-out/>
  <testcase name="addNewCustomer" time="4.402" classname="com.restuarant.testcases.PeoplesPageTest"/>
  <system-out/>
</testsuite> <!-- com.restuarant.testcases.PeoplesPageTest -->
