<?xml version="1.0" encoding="UTF-8"?>
<!-- Generated by org.testng.reporters.JUnitReportReporter -->
<testsuite skipped="0" hostname="DESKTOP-2NAMQF0" name="com.restuarant.testcases.HomePageTest" tests="3" failures="0" timestamp="2022-12-10T11:42:58 IST" time="15.608" errors="0">
  <testcase name="language" time="5.251" classname="com.restuarant.testcases.HomePageTest"/>
  <system-out/>
  <testcase name="SelectLangEnglish" time="4.738" classname="com.restuarant.testcases.HomePageTest"/>
  <system-out/>
  <testcase name="products" time="5.619" classname="com.restuarant.testcases.HomePageTest"/>
  <system-out/>
</testsuite> <!-- com.restuarant.testcases.HomePageTest -->
