<?xml version="1.0" encoding="UTF-8"?>
<!-- Generated by org.testng.reporters.JUnitReportReporter -->
<testsuite skipped="0" hostname="DESKTOP-2NAMQF0" name="com.restuarant.testcases.ExpensePageTest" tests="5" failures="0" timestamp="2022-12-10T13:03:29 IST" time="47.910" errors="0">
  <testcase name="ExpenseSearch" time="7.521" classname="com.restuarant.testcases.ExpensePageTest"/>
  <system-out/>
  <testcase name="addExpence" time="3.178" classname="com.restuarant.testcases.ExpensePageTest"/>
  <system-out/>
  <testcase name="searchExpence" time="0.280" classname="com.restuarant.testcases.ExpensePageTest"/>
  <system-out/>
  <testcase name="deleteExpence" time="18.528" classname="com.restuarant.testcases.ExpensePageTest"/>
  <system-out/>
  <testcase name="deleteExpenceCancel" time="18.403" classname="com.restuarant.testcases.ExpensePageTest"/>
  <system-out/>
</testsuite> <!-- com.restuarant.testcases.ExpensePageTest -->
