<?xml version="1.0" encoding="UTF-8"?>
<!-- Generated by org.testng.reporters.JUnitReportReporter -->
<testsuite skipped="0" hostname="DESKTOP-2NAMQF0" name="com.restuarant.testcases.ExpensePageTest" tests="5" failures="0" timestamp="2022-12-10T11:42:58 IST" time="47.344" errors="0">
  <testcase name="ExpenseSearch" time="7.424" classname="com.restuarant.testcases.ExpensePageTest"/>
  <system-out/>
  <testcase name="addExpence" time="3.074" classname="com.restuarant.testcases.ExpensePageTest"/>
  <system-out/>
  <testcase name="searchExpence" time="0.279" classname="com.restuarant.testcases.ExpensePageTest"/>
  <system-out/>
  <testcase name="deleteExpence" time="18.300" classname="com.restuarant.testcases.ExpensePageTest"/>
  <system-out/>
  <testcase name="deleteExpenceCancel" time="18.267" classname="com.restuarant.testcases.ExpensePageTest"/>
  <system-out/>
</testsuite> <!-- com.restuarant.testcases.ExpensePageTest -->
