<?xml version="1.0" encoding="UTF-8"?>
<!-- Generated by org.testng.reporters.JUnitReportReporter -->
<testsuite skipped="0" hostname="DESKTOP-2NAMQF0" name="com.restuarant.testcases.SalesPageTest" tests="1" failures="0" timestamp="2022-12-10T11:42:58 IST" time="1.714" errors="0">
  <testcase name="SalesSearch" time="1.714" classname="com.restuarant.testcases.SalesPageTest"/>
  <system-out/>
</testsuite> <!-- com.restuarant.testcases.SalesPageTest -->
