<?xml version="1.0" encoding="UTF-8"?>
<!-- Generated by org.testng.reporters.JUnitReportReporter -->
<testsuite skipped="0" hostname="DESKTOP-2NAMQF0" name="com.restuarant.testcases.PeoplesPageTest" tests="7" failures="0" timestamp="2022-12-10T11:42:58 IST" time="19.975" errors="0">
  <testcase name="SelectPeople" time="4.484" classname="com.restuarant.testcases.PeoplesPageTest"/>
  <system-out/>
  <testcase name="SearchWaiternotPresent" time="0.256" classname="com.restuarant.testcases.PeoplesPageTest"/>
  <system-out/>
  <testcase name="SearchWaiterPresent" time="3.158" classname="com.restuarant.testcases.PeoplesPageTest"/>
  <system-out/>
  <testcase name="SelectCustomer" time="4.701" classname="com.restuarant.testcases.PeoplesPageTest"/>
  <system-out/>
  <testcase name="SearchCustomernotPresent" time="3.202" classname="com.restuarant.testcases.PeoplesPageTest"/>
  <system-out/>
  <testcase name="SearchCustomerPresent" time="0.195" classname="com.restuarant.testcases.PeoplesPageTest"/>
  <system-out/>
  <testcase name="addNewCustomer" time="3.979" classname="com.restuarant.testcases.PeoplesPageTest"/>
  <system-out/>
</testsuite> <!-- com.restuarant.testcases.PeoplesPageTest -->
