<?xml version="1.0" encoding="UTF-8"?>
<!-- Generated by org.testng.reporters.JUnitReportReporter -->
<testsuite skipped="0" hostname="DESKTOP-2NAMQF0" name="com.restuarant.testcases.StoresPageTest" tests="2" failures="0" timestamp="2022-12-10T13:03:29 IST" time="8.701" errors="0">
  <testcase name="SelectStore" time="5.452" classname="com.restuarant.testcases.StoresPageTest"/>
  <system-out/>
  <testcase name="SearchStore" time="3.249" classname="com.restuarant.testcases.StoresPageTest"/>
  <system-out/>
</testsuite> <!-- com.restuarant.testcases.StoresPageTest -->
