<?xml version="1.0" encoding="UTF-8"?>
<!-- Generated by org.testng.reporters.JUnitReportReporter -->
<testsuite skipped="0" hostname="DESKTOP-2NAMQF0" name="com.restuarant.testcases.HomePageTest" tests="3" failures="0" timestamp="2022-12-10T13:03:29 IST" time="17.095" errors="0">
  <testcase name="language" time="5.222" classname="com.restuarant.testcases.HomePageTest"/>
  <system-out/>
  <testcase name="SelectLangEnglish" time="5.197" classname="com.restuarant.testcases.HomePageTest"/>
  <system-out/>
  <testcase name="products" time="6.676" classname="com.restuarant.testcases.HomePageTest"/>
  <system-out/>
</testsuite> <!-- com.restuarant.testcases.HomePageTest -->
