<?xml version="1.0" encoding="UTF-8"?>
<!-- Generated by org.testng.reporters.JUnitReportReporter -->
<testsuite skipped="0" hostname="DESKTOP-2NAMQF0" name="com.restuarant.testcases.LoginPageTest" tests="8" failures="0" timestamp="2022-12-10T11:42:58 IST" time="30.460" errors="0">
  <testcase name="verifyLogo" time="0.021" classname="com.restuarant.testcases.LoginPageTest"/>
  <system-out/>
  <testcase name="invalidLogin" time="4.891" classname="com.restuarant.testcases.LoginPageTest"/>
  <system-out/>
  <testcase name="invalidPassword" time="4.433" classname="com.restuarant.testcases.LoginPageTest"/>
  <system-out/>
  <testcase name="invalidUsername" time="3.969" classname="com.restuarant.testcases.LoginPageTest"/>
  <system-out/>
  <testcase name="blankUsername" time="3.676" classname="com.restuarant.testcases.LoginPageTest"/>
  <system-out/>
  <testcase name="blankPassword" time="3.387" classname="com.restuarant.testcases.LoginPageTest"/>
  <system-out/>
  <testcase name="blankUsernamePassword" time="3.326" classname="com.restuarant.testcases.LoginPageTest"/>
  <system-out/>
  <testcase name="login" time="6.757" classname="com.restuarant.testcases.LoginPageTest"/>
  <system-out/>
</testsuite> <!-- com.restuarant.testcases.LoginPageTest -->
