<?xml version="1.0" encoding="UTF-8"?>
<!-- Generated by org.testng.reporters.JUnitReportReporter -->
<testsuite skipped="0" hostname="DESKTOP-2NAMQF0" name="com.restuarant.testcases.LoginPageTest" tests="8" failures="0" timestamp="2022-12-10T13:03:29 IST" time="30.596" errors="0">
  <testcase name="verifyLogo" time="0.028" classname="com.restuarant.testcases.LoginPageTest"/>
  <system-out/>
  <testcase name="invalidLogin" time="4.036" classname="com.restuarant.testcases.LoginPageTest"/>
  <system-out/>
  <testcase name="invalidPassword" time="4.358" classname="com.restuarant.testcases.LoginPageTest"/>
  <system-out/>
  <testcase name="invalidUsername" time="4.054" classname="com.restuarant.testcases.LoginPageTest"/>
  <system-out/>
  <testcase name="blankUsername" time="4.207" classname="com.restuarant.testcases.LoginPageTest"/>
  <system-out/>
  <testcase name="blankPassword" time="3.356" classname="com.restuarant.testcases.LoginPageTest"/>
  <system-out/>
  <testcase name="blankUsernamePassword" time="3.470" classname="com.restuarant.testcases.LoginPageTest"/>
  <system-out/>
  <testcase name="login" time="7.087" classname="com.restuarant.testcases.LoginPageTest"/>
  <system-out/>
</testsuite> <!-- com.restuarant.testcases.LoginPageTest -->
